2022-02-12 11:38:14 error: [Cake\Database\Exception\MissingConnectionException] Connection to Mysql could not be established: SQLSTATE[HY000] [1049] Unknown database 'my_app' in C:\Program Files (x86)\EasyPHP-Devserver-17\eds-www\cakeApi\vendor\cakephp\cakephp\src\Database\Driver.php on line 133
Exception Attributes: array (
  'driver' => 'Mysql',
  'reason' => 'SQLSTATE[HY000] [1049] Unknown database \'my_app\'',
)
Stack Trace:
- C:\Program Files (x86)\EasyPHP-Devserver-17\eds-www\cakeApi\vendor\cakephp\cakephp\src\Database\Driver\Mysql.php:164
- C:\Program Files (x86)\EasyPHP-Devserver-17\eds-www\cakeApi\vendor\cakephp\cakephp\src\Database\Schema\SchemaDialect.php:51
- C:\Program Files (x86)\EasyPHP-Devserver-17\eds-www\cakeApi\vendor\cakephp\cakephp\src\Database\Driver\Mysql.php:216
- C:\Program Files (x86)\EasyPHP-Devserver-17\eds-www\cakeApi\vendor\cakephp\cakephp\src\Database\Schema\Collection.php:53
- C:\Program Files (x86)\EasyPHP-Devserver-17\eds-www\cakeApi\vendor\cakephp\cakephp\src\Database\Connection.php:395
- C:\Program Files (x86)\EasyPHP-Devserver-17\eds-www\cakeApi\vendor\cakephp\bake\src\Command\ModelCommand.php:87
- C:\Program Files (x86)\EasyPHP-Devserver-17\eds-www\cakeApi\vendor\cakephp\cakephp\src\Console\BaseCommand.php:179
- C:\Program Files (x86)\EasyPHP-Devserver-17\eds-www\cakeApi\vendor\cakephp\cakephp\src\Console\CommandRunner.php:334
- C:\Program Files (x86)\EasyPHP-Devserver-17\eds-www\cakeApi\vendor\cakephp\cakephp\src\Console\CommandRunner.php:172
- C:\Program Files (x86)\EasyPHP-Devserver-17\eds-www\cakeApi\bin\cake.php:12

Caused by: [PDOException] SQLSTATE[HY000] [1049] Unknown database 'my_app' in C:\Program Files (x86)\EasyPHP-Devserver-17\eds-www\cakeApi\vendor\cakephp\cakephp\src\Database\Driver.php on line 125
Stack Trace:
- C:\Program Files (x86)\EasyPHP-Devserver-17\eds-www\cakeApi\vendor\cakephp\cakephp\src\Database\Driver.php:125
- C:\Program Files (x86)\EasyPHP-Devserver-17\eds-www\cakeApi\vendor\cakephp\cakephp\src\Core\Retry\CommandRetry.php:70
- C:\Program Files (x86)\EasyPHP-Devserver-17\eds-www\cakeApi\vendor\cakephp\cakephp\src\Database\Driver.php:131
- C:\Program Files (x86)\EasyPHP-Devserver-17\eds-www\cakeApi\vendor\cakephp\cakephp\src\Database\Driver\Mysql.php:164
- C:\Program Files (x86)\EasyPHP-Devserver-17\eds-www\cakeApi\vendor\cakephp\cakephp\src\Database\Schema\SchemaDialect.php:51
- C:\Program Files (x86)\EasyPHP-Devserver-17\eds-www\cakeApi\vendor\cakephp\cakephp\src\Database\Driver\Mysql.php:216
- C:\Program Files (x86)\EasyPHP-Devserver-17\eds-www\cakeApi\vendor\cakephp\cakephp\src\Database\Schema\Collection.php:53
- C:\Program Files (x86)\EasyPHP-Devserver-17\eds-www\cakeApi\vendor\cakephp\cakephp\src\Database\Connection.php:395
- C:\Program Files (x86)\EasyPHP-Devserver-17\eds-www\cakeApi\vendor\cakephp\bake\src\Command\ModelCommand.php:87
- C:\Program Files (x86)\EasyPHP-Devserver-17\eds-www\cakeApi\vendor\cakephp\cakephp\src\Console\BaseCommand.php:179
- C:\Program Files (x86)\EasyPHP-Devserver-17\eds-www\cakeApi\vendor\cakephp\cakephp\src\Console\CommandRunner.php:334
- C:\Program Files (x86)\EasyPHP-Devserver-17\eds-www\cakeApi\vendor\cakephp\cakephp\src\Console\CommandRunner.php:172
- C:\Program Files (x86)\EasyPHP-Devserver-17\eds-www\cakeApi\bin\cake.php:12



